<?xml version="1.0" encoding="UTF-8"?>
<robot generator="Robot 3.1.2 (Python 3.7.0 on win32)" generated="20200107 19:33:23.776" rpa="false">
<suite id="s1" name="Inputbox" source="C:\Users\mumtaz\Desktop\python\rproject\TestCases\inputbox.robot">
<test id="s1-t1" name="loginToApp">
<kw name="Open Browser" library="SeleniumLibrary">
<doc>Opens a new browser instance to the given ``url``.</doc>
<arguments>
<arg>${url}</arg>
<arg>${browser}</arg>
</arguments>
<msg timestamp="20200107 19:33:26.133" level="INFO">Opening browser 'chrome' to base url 'https://demo.nopcommerce.com/'.</msg>
<status status="PASS" starttime="20200107 19:33:26.133" endtime="20200107 19:33:41.209"></status>
</kw>
<kw name="Maximize Browser Window" library="SeleniumLibrary">
<doc>Maximizes current browser window.</doc>
<status status="PASS" starttime="20200107 19:33:41.209" endtime="20200107 19:33:45.389"></status>
</kw>
<kw name="loginMenu">
<kw name="Title Should Be" library="SeleniumLibrary">
<doc>Verifies that current page title equals ``title``.</doc>
<arguments>
<arg>nopCommerce demo store</arg>
</arguments>
<msg timestamp="20200107 19:33:45.395" level="INFO">Page title is 'nopCommerce demo store'.</msg>
<status status="PASS" starttime="20200107 19:33:45.390" endtime="20200107 19:33:45.395"></status>
</kw>
<kw name="Click Link" library="SeleniumLibrary">
<doc>Clicks a link identified by ``locator``.</doc>
<arguments>
<arg>xpath://a[@class='ico-login']</arg>
</arguments>
<msg timestamp="20200107 19:33:45.396" level="INFO">Clicking link 'xpath://a[@class='ico-login']'.</msg>
<status status="PASS" starttime="20200107 19:33:45.396" endtime="20200107 19:33:47.125"></status>
</kw>
<kw name="Set Variable" library="BuiltIn">
<doc>Returns the given values which can then be assigned to a variables.</doc>
<arguments>
<arg>id:Email</arg>
</arguments>
<assign>
<var>${"email_txt"}</var>
</assign>
<msg timestamp="20200107 19:33:47.125" level="INFO">${"email_txt"} = id:Email</msg>
<status status="PASS" starttime="20200107 19:33:47.125" endtime="20200107 19:33:47.125"></status>
</kw>
<kw name="Element Should Be Visible" library="SeleniumLibrary">
<doc>Verifies that the element identified by ``locator`` is visible.</doc>
<arguments>
<arg>${"email_txt"}</arg>
</arguments>
<msg timestamp="20200107 19:33:47.158" level="INFO">Element 'id:Email' is displayed.</msg>
<status status="PASS" starttime="20200107 19:33:47.125" endtime="20200107 19:33:47.158"></status>
</kw>
<kw name="Element Should Be Enabled" library="SeleniumLibrary">
<doc>Verifies that element identified with ``locator`` is enabled.</doc>
<arguments>
<arg>${"email_txt"}</arg>
</arguments>
<status status="PASS" starttime="20200107 19:33:47.158" endtime="20200107 19:33:47.183"></status>
</kw>
<kw name="Input Text" library="SeleniumLibrary">
<doc>Types the given ``text`` into text field identified by ``locator``.</doc>
<arguments>
<arg>${"email_txt"}</arg>
<arg>mumtaz.maqsood@yahoo.com</arg>
</arguments>
<msg timestamp="20200107 19:33:47.183" level="INFO">Typing text 'mumtaz.maqsood@yahoo.com' into text field 'id:Email'.</msg>
<status status="PASS" starttime="20200107 19:33:47.183" endtime="20200107 19:33:47.526"></status>
</kw>
<kw name="Sleep" library="BuiltIn">
<doc>Pauses the test executed for the given time.</doc>
<arguments>
<arg>1</arg>
</arguments>
<msg timestamp="20200107 19:33:48.527" level="INFO">Slept 1 second</msg>
<status status="PASS" starttime="20200107 19:33:47.526" endtime="20200107 19:33:48.527"></status>
</kw>
<kw name="Clear Element Text" library="SeleniumLibrary">
<doc>Clears the value of text entry element identified by ``locator``.</doc>
<arguments>
<arg>${"email_txt"}</arg>
</arguments>
<status status="PASS" starttime="20200107 19:33:48.527" endtime="20200107 19:33:48.584"></status>
</kw>
<kw name="Sleep" library="BuiltIn">
<doc>Pauses the test executed for the given time.</doc>
<arguments>
<arg>1</arg>
</arguments>
<msg timestamp="20200107 19:33:49.586" level="INFO">Slept 1 second</msg>
<status status="PASS" starttime="20200107 19:33:48.584" endtime="20200107 19:33:49.586"></status>
</kw>
<status status="PASS" starttime="20200107 19:33:45.389" endtime="20200107 19:33:49.586"></status>
</kw>
<kw name="Sleep" library="BuiltIn">
<doc>Pauses the test executed for the given time.</doc>
<arguments>
<arg>2</arg>
</arguments>
<msg timestamp="20200107 19:33:51.589" level="INFO">Slept 2 seconds</msg>
<status status="PASS" starttime="20200107 19:33:49.586" endtime="20200107 19:33:51.589"></status>
</kw>
<kw name="Close Browser" library="SeleniumLibrary">
<doc>Closes the current browser.</doc>
<status status="PASS" starttime="20200107 19:33:51.589" endtime="20200107 19:33:53.937"></status>
</kw>
<status status="PASS" starttime="20200107 19:33:26.132" endtime="20200107 19:33:53.937" critical="yes"></status>
</test>
<status status="PASS" starttime="20200107 19:33:23.778" endtime="20200107 19:33:53.939"></status>
</suite>
<statistics>
<total>
<stat pass="1" fail="0">Critical Tests</stat>
<stat pass="1" fail="0">All Tests</stat>
</total>
<tag>
</tag>
<suite>
<stat pass="1" fail="0" id="s1" name="Inputbox">Inputbox</stat>
</suite>
</statistics>
<errors>
</errors>
</robot>
